0 info it worked if it ends with ok
1 verbose cli [ '/usr/bin/node', '/usr/bin/npm', 'start' ]
2 info using npm@3.5.2
3 info using node@v8.10.0
4 verbose run-script [ 'prestart', 'start', 'poststart' ]
5 info lifecycle dawn@~prestart: dawn@
6 silly lifecycle dawn@~prestart: no script for prestart, continuing
7 info lifecycle dawn@~start: dawn@
8 verbose lifecycle dawn@~start: unsafe-perm in lifecycle true
9 verbose lifecycle dawn@~start: PATH: /usr/share/npm/bin/node-gyp-bin:/mnt/c/Users/Peter Choe/Desktop/hrr/Reviews-Module/node_modules/.bin:/usr/local/sbin:/usr/local/bin:/usr/sbin:/usr/bin:/sbin:/bin:/usr/games:/usr/local/games:/mnt/c/Python27:/mnt/c/Python27/Scripts:/mnt/c/ProgramData/Boxstarter:/mnt/c/Program Files (x86)/Common Files/Oracle/Java/javapath:/mnt/c/Program Files (x86)/Razer Chroma SDK/bin:/mnt/c/Program Files/Razer Chroma SDK/bin:/mnt/c/ProgramData/Oracle/Java/javapath:/mnt/c/Program Files (x86)/Intel/iCLS Client:/mnt/c/Program Files/Intel/iCLS Client:/mnt/c/Windows/System32:/mnt/c/Windows:/mnt/c/Windows/System32/wbem:/mnt/c/Windows/System32/WindowsPowerShell/v1.0:/mnt/c/Program Files (x86)/Intel/Intel(R) Management Engine Components/DAL:/mnt/c/Program Files/Intel/Intel(R) Management Engine Components/DAL:/mnt/c/Program Files (x86)/Intel/Intel(R) Management Engine Components/IPT:/mnt/c/Program Files/Intel/Intel(R) Management Engine Components/IPT:/mnt/c/Program Files (x86)/NVIDIA Corporation/PhysX/Common:/mnt/c/Windows/System32:/mnt/c/Windows:/mnt/c/Windows/System32/wbem:/mnt/c/Windows/System32/WindowsPowerShell/v1.0:/mnt/c/Users/Peter Choe/AppData/Local/Programs/Python/Python35-32/Scripts:/mnt/c/Users/Peter Choe/AppData/Local/Programs/Python/Python35-32:/mnt/c/Users/Peter Choe/AppData/Local/Microsoft/WindowsApps:/mnt/c/Program Files/Git/cmd:/mnt/c/Windows/System32/OpenSSH:/mnt/c/Program Files/nodejs:/mnt/c/ProgramData/chocolatey/bin:/mnt/c/Windows/System32:/mnt/c/Windows:/mnt/c/Windows/System32/wbem:/mnt/c/Windows/System32/WindowsPowerShell/v1.0:/mnt/c/Windows/System32/OpenSSH:/mnt/c/Program Files/Amazon/AWSCLI/bin:/mnt/c/Users/Peter Choe/AppData/Local/Programs/Python/Python35/Scripts:/mnt/c/Users/Peter Choe/AppData/Local/Programs/Python/Python35:/mnt/c/Users/Peter Choe/AppData/Local/Programs/Python/Python35-32/Scripts:/mnt/c/Users/Peter Choe/AppData/Local/Programs/Python/Python35-32:/mnt/c/Users/Peter Choe/AppData/Local/Microsoft/WindowsApps:/mnt/c/Users/Peter Choe/AppData/Roaming/npm:/mnt/c/Program Files/Sublime Text 3:/mnt/c/Users/Peter Choe/AppData/Local/Programs/Microsoft VS Code/bin:/mnt/c/Program Files/heroku/bin:/mnt/c/Users/Peter Choe/AppData/Local/Microsoft/WindowsApps:/mnt/c/Program Files/Docker Toolbox:/snap/bin
10 verbose lifecycle dawn@~start: CWD: /mnt/c/Users/Peter Choe/Desktop/hrr/Reviews-Module
11 silly lifecycle dawn@~start: Args: [ '-c', 'node server/index.js' ]
12 silly lifecycle dawn@~start: Returned: code: 1  signal: null
13 info lifecycle dawn@~start: Failed to exec start script
14 verbose stack Error: dawn@ start: `node server/index.js`
14 verbose stack Exit status 1
14 verbose stack     at EventEmitter.<anonymous> (/usr/share/npm/lib/utils/lifecycle.js:232:16)
14 verbose stack     at emitTwo (events.js:126:13)
14 verbose stack     at EventEmitter.emit (events.js:214:7)
14 verbose stack     at ChildProcess.<anonymous> (/usr/share/npm/lib/utils/spawn.js:24:14)
14 verbose stack     at emitTwo (events.js:126:13)
14 verbose stack     at ChildProcess.emit (events.js:214:7)
14 verbose stack     at maybeClose (internal/child_process.js:925:16)
14 verbose stack     at Process.ChildProcess._handle.onexit (internal/child_process.js:209:5)
15 verbose pkgid dawn@
16 verbose cwd /mnt/c/Users/Peter Choe/Desktop/hrr/Reviews-Module
17 error Linux 4.4.0-17763-Microsoft
18 error argv "/usr/bin/node" "/usr/bin/npm" "start"
19 error node v8.10.0
20 error npm  v3.5.2
21 error code ELIFECYCLE
22 error dawn@ start: `node server/index.js`
22 error Exit status 1
23 error Failed at the dawn@ start script 'node server/index.js'.
23 error Make sure you have the latest version of node.js and npm installed.
23 error If you do, this is most likely a problem with the dawn package,
23 error not with npm itself.
23 error Tell the author that this fails on your system:
23 error     node server/index.js
23 error You can get information on how to open an issue for this project with:
23 error     npm bugs dawn
23 error Or if that isn't available, you can get their info via:
23 error     npm owner ls dawn
23 error There is likely additional logging output above.
24 verbose exit [ 1, true ]
